Thời điểm lỗi: 11:24:18 PM
Hàm/Phương thức gọi lỗi: LoadQueryModule
Chi tiết lỗi: System.ArgumentNullException: Value cannot be null. (Parameter 'value')
   at Newtonsoft.Json.Utilities.ValidationUtils.ArgumentNotNull(Object value, String parameterName)
   at Newtonsoft.Json.JsonConvert.DeserializeObject(String value, Type type, JsonSerializerSettings settings)
   at Newtonsoft.Json.JsonConvert.DeserializeObject[T](String value, JsonSerializerSettings settings)
   at Newtonsoft.Json.JsonConvert.DeserializeObject[T](String value)
   at WebAppCoreNew.Service.ModuleService.LoadQueryModule(ParramModuleQuery parram) in G:\ATuanLM\AuditProject\Audit\Program\Core\WebAppCore\Service\ModuleService.cs:line 57
-------------------------------------------
Thời điểm lỗi: 11:36:01 PM
Hàm/Phương thức gọi lỗi: LoadQueryModule
Chi tiết lỗi: System.ArgumentNullException: Value cannot be null. (Parameter 'value')
   at Newtonsoft.Json.Utilities.ValidationUtils.ArgumentNotNull(Object value, String parameterName)
   at Newtonsoft.Json.JsonConvert.DeserializeObject(String value, Type type, JsonSerializerSettings settings)
   at Newtonsoft.Json.JsonConvert.DeserializeObject[T](String value, JsonSerializerSettings settings)
   at Newtonsoft.Json.JsonConvert.DeserializeObject[T](String value)
   at WebAppCoreNew.Service.ModuleService.LoadQueryModule(ParramModuleQuery parram) in G:\ATuanLM\AuditProject\Audit\Program\Core\WebAppCore\Service\ModuleService.cs:line 57
-------------------------------------------
Thời điểm lỗi: 11:36:24 PM
Hàm/Phương thức gọi lỗi: LoadQueryModule
Chi tiết lỗi: System.ArgumentNullException: Value cannot be null. (Parameter 'value')
   at Newtonsoft.Json.JsonConvert.DeserializeObject(String value, Type type, JsonSerializerSettings settings)
   at Newtonsoft.Json.JsonConvert.DeserializeObject[T](String value, JsonSerializerSettings settings)
   at WebAppCoreNew.Service.ModuleService.LoadQueryModule(ParramModuleQuery parram) in G:\ATuanLM\AuditProject\Audit\Program\Core\WebAppCore\Service\ModuleService.cs:line 57
-------------------------------------------
