Thời điểm lỗi: 10:39:42 PM
Hàm/Phương thức gọi lỗi: LoadQueryModule
Chi tiết lỗi: System.ArgumentNullException: Value cannot be null. (Parameter 'value')
   at Newtonsoft.Json.Utilities.ValidationUtils.ArgumentNotNull(Object value, String parameterName)
   at Newtonsoft.Json.JsonConvert.DeserializeObject(String value, Type type, JsonSerializerSettings settings)
   at Newtonsoft.Json.JsonConvert.DeserializeObject[T](String value, JsonSerializerSettings settings)
   at Newtonsoft.Json.JsonConvert.DeserializeObject[T](String value)
   at WebAppCoreNew.Service.ModuleService.LoadQueryModule(ParramModuleQuery parram) in G:\ATuanLM\AuditProject\Audit\Program\Core\WebAppCore\Service\ModuleService.cs:line 57
-------------------------------------------
Thời điểm lỗi: 11:19:08 PM
Hàm/Phương thức gọi lỗi: LoadQueryModule
Chi tiết lỗi: System.ArgumentNullException: Value cannot be null. (Parameter 'value')
   at Newtonsoft.Json.JsonConvert.DeserializeObject(String value, Type type, JsonSerializerSettings settings)
   at Newtonsoft.Json.JsonConvert.DeserializeObject[T](String value, JsonSerializerSettings settings)
   at WebAppCoreNew.Service.ModuleService.LoadQueryModule(ParramModuleQuery parram) in G:\ATuanLM\AuditProject\Audit\Program\Core\WebAppCore\Service\ModuleService.cs:line 57
-------------------------------------------
Thời điểm lỗi: 11:31:49 PM
Hàm/Phương thức gọi lỗi: LoadQueryModule
Chi tiết lỗi: System.ArgumentNullException: Value cannot be null. (Parameter 'value')
   at Newtonsoft.Json.JsonConvert.DeserializeObject(String value, Type type, JsonSerializerSettings settings)
   at Newtonsoft.Json.JsonConvert.DeserializeObject[T](String value, JsonSerializerSettings settings)
   at WebAppCoreNew.Service.ModuleService.LoadQueryModule(ParramModuleQuery parram) in G:\ATuanLM\AuditProject\Audit\Program\Core\WebAppCore\Service\ModuleService.cs:line 57
-------------------------------------------
Thời điểm lỗi: 11:32:26 PM
Hàm/Phương thức gọi lỗi: LoadQueryModule
Chi tiết lỗi: System.ArgumentNullException: Value cannot be null. (Parameter 'value')
   at Newtonsoft.Json.JsonConvert.DeserializeObject(String value, Type type, JsonSerializerSettings settings)
   at Newtonsoft.Json.JsonConvert.DeserializeObject[T](String value, JsonSerializerSettings settings)
   at WebAppCoreNew.Service.ModuleService.LoadQueryModule(ParramModuleQuery parram) in G:\ATuanLM\AuditProject\Audit\Program\Core\WebAppCore\Service\ModuleService.cs:line 57
-------------------------------------------
Thời điểm lỗi: 11:38:33 PM
Hàm/Phương thức gọi lỗi: LoadQueryModule
Chi tiết lỗi: System.ArgumentNullException: Value cannot be null. (Parameter 'value')
   at Newtonsoft.Json.JsonConvert.DeserializeObject(String value, Type type, JsonSerializerSettings settings)
   at Newtonsoft.Json.JsonConvert.DeserializeObject[T](String value, JsonSerializerSettings settings)
   at WebAppCoreNew.Service.ModuleService.LoadQueryModule(ParramModuleQuery parram) in G:\ATuanLM\AuditProject\Audit\Program\Core\WebAppCore\Service\ModuleService.cs:line 57
-------------------------------------------
Thời điểm lỗi: 11:59:24 PM
Hàm/Phương thức gọi lỗi: LoadQueryModule
Chi tiết lỗi: System.ArgumentNullException: Value cannot be null. (Parameter 'value')
   at Newtonsoft.Json.Utilities.ValidationUtils.ArgumentNotNull(Object value, String parameterName)
   at Newtonsoft.Json.JsonConvert.DeserializeObject(String value, Type type, JsonSerializerSettings settings)
   at Newtonsoft.Json.JsonConvert.DeserializeObject[T](String value, JsonSerializerSettings settings)
   at Newtonsoft.Json.JsonConvert.DeserializeObject[T](String value)
   at WebAppCoreNew.Service.ModuleService.LoadQueryModule(ParramModuleQuery parram) in G:\ATuanLM\AuditProject\Audit\Program\Core\WebAppCore\Service\ModuleService.cs:line 57
-------------------------------------------
