Thời điểm lỗi: 03:53:02 PM
Hàm/Phương thức gọi lỗi: LoadQueryModule
Chi tiết lỗi: System.ArgumentNullException: Value cannot be null. (Parameter 'value')
   at Newtonsoft.Json.JsonConvert.DeserializeObject(String value, Type type, JsonSerializerSettings settings)
   at Newtonsoft.Json.JsonConvert.DeserializeObject[T](String value, JsonSerializerSettings settings)
   at WebAppCoreNew.Service.ModuleService.LoadQueryModule(ParramModuleQuery parram) in G:\ATuanLM\AuditProject\Audit\Program\Core\WebAppCore\Service\ModuleService.cs:line 57
-------------------------------------------
Thời điểm lỗi: 04:18:58 PM
Hàm/Phương thức gọi lỗi: LoadQueryModule
Chi tiết lỗi: System.ArgumentNullException: Value cannot be null. (Parameter 'value')
   at Newtonsoft.Json.Utilities.ValidationUtils.ArgumentNotNull(Object value, String parameterName)
   at Newtonsoft.Json.JsonConvert.DeserializeObject(String value, Type type, JsonSerializerSettings settings)
   at Newtonsoft.Json.JsonConvert.DeserializeObject[T](String value, JsonSerializerSettings settings)
   at Newtonsoft.Json.JsonConvert.DeserializeObject[T](String value)
   at WebAppCoreNew.Service.ModuleService.LoadQueryModule(ParramModuleQuery parram) in G:\ATuanLM\AuditProject\Audit\Program\Core\WebAppCore\Service\ModuleService.cs:line 57
-------------------------------------------
Thời điểm lỗi: 04:25:26 PM
Hàm/Phương thức gọi lỗi: LoadQueryModule
Chi tiết lỗi: System.ArgumentNullException: Value cannot be null. (Parameter 'value')
   at Newtonsoft.Json.Utilities.ValidationUtils.ArgumentNotNull(Object value, String parameterName)
   at Newtonsoft.Json.JsonConvert.DeserializeObject(String value, Type type, JsonSerializerSettings settings)
   at Newtonsoft.Json.JsonConvert.DeserializeObject[T](String value, JsonSerializerSettings settings)
   at Newtonsoft.Json.JsonConvert.DeserializeObject[T](String value)
   at WebAppCoreNew.Service.ModuleService.LoadQueryModule(ParramModuleQuery parram) in G:\ATuanLM\AuditProject\Audit\Program\Core\WebAppCore\Service\ModuleService.cs:line 57
-------------------------------------------
Thời điểm lỗi: 05:57:29 PM
Hàm/Phương thức gọi lỗi: LoadQueryModule
Chi tiết lỗi: System.ArgumentNullException: Value cannot be null. (Parameter 'value')
   at Newtonsoft.Json.Utilities.ValidationUtils.ArgumentNotNull(Object value, String parameterName)
   at Newtonsoft.Json.JsonConvert.DeserializeObject(String value, Type type, JsonSerializerSettings settings)
   at Newtonsoft.Json.JsonConvert.DeserializeObject[T](String value, JsonSerializerSettings settings)
   at Newtonsoft.Json.JsonConvert.DeserializeObject[T](String value)
   at WebAppCoreNew.Service.ModuleService.LoadQueryModule(ParramModuleQuery parram) in G:\ATuanLM\AuditProject\Audit\Program\Core\WebAppCore\Service\ModuleService.cs:line 57
-------------------------------------------
Thời điểm lỗi: 06:01:47 PM
Hàm/Phương thức gọi lỗi: LoadQueryModule
Chi tiết lỗi: System.ArgumentNullException: Value cannot be null. (Parameter 'value')
   at Newtonsoft.Json.Utilities.ValidationUtils.ArgumentNotNull(Object value, String parameterName)
   at Newtonsoft.Json.JsonConvert.DeserializeObject(String value, Type type, JsonSerializerSettings settings)
   at Newtonsoft.Json.JsonConvert.DeserializeObject[T](String value, JsonSerializerSettings settings)
   at Newtonsoft.Json.JsonConvert.DeserializeObject[T](String value)
   at WebAppCoreNew.Service.ModuleService.LoadQueryModule(ParramModuleQuery parram) in G:\ATuanLM\AuditProject\Audit\Program\Core\WebAppCore\Service\ModuleService.cs:line 57
-------------------------------------------
Thời điểm lỗi: 06:40:48 PM
Hàm/Phương thức gọi lỗi: LoadQueryModule
Chi tiết lỗi: System.ArgumentNullException: Value cannot be null. (Parameter 'value')
   at Newtonsoft.Json.JsonConvert.DeserializeObject(String value, Type type, JsonSerializerSettings settings)
   at Newtonsoft.Json.JsonConvert.DeserializeObject[T](String value, JsonSerializerSettings settings)
   at WebAppCoreNew.Service.ModuleService.LoadQueryModule(ParramModuleQuery parram) in G:\ATuanLM\AuditProject\Audit\Program\Core\WebAppCore\Service\ModuleService.cs:line 57
-------------------------------------------
Thời điểm lỗi: 06:42:13 PM
Hàm/Phương thức gọi lỗi: LoadQueryModule
Chi tiết lỗi: System.ArgumentNullException: Value cannot be null. (Parameter 'value')
   at Newtonsoft.Json.JsonConvert.DeserializeObject(String value, Type type, JsonSerializerSettings settings)
   at Newtonsoft.Json.JsonConvert.DeserializeObject[T](String value, JsonSerializerSettings settings)
   at WebAppCoreNew.Service.ModuleService.LoadQueryModule(ParramModuleQuery parram) in G:\ATuanLM\AuditProject\Audit\Program\Core\WebAppCore\Service\ModuleService.cs:line 57
-------------------------------------------
Thời điểm lỗi: 06:54:25 PM
Hàm/Phương thức gọi lỗi: LoadQueryModule
Chi tiết lỗi: System.ArgumentNullException: Value cannot be null. (Parameter 'value')
   at Newtonsoft.Json.JsonConvert.DeserializeObject(String value, Type type, JsonSerializerSettings settings)
   at Newtonsoft.Json.JsonConvert.DeserializeObject[T](String value, JsonSerializerSettings settings)
   at WebAppCoreNew.Service.ModuleService.LoadQueryModule(ParramModuleQuery parram) in G:\ATuanLM\AuditProject\Audit\Program\Core\WebAppCore\Service\ModuleService.cs:line 57
-------------------------------------------
Thời điểm lỗi: 06:54:47 PM
Hàm/Phương thức gọi lỗi: LoadQueryModule
Chi tiết lỗi: System.ArgumentNullException: Value cannot be null. (Parameter 'value')
   at Newtonsoft.Json.JsonConvert.DeserializeObject(String value, Type type, JsonSerializerSettings settings)
   at Newtonsoft.Json.JsonConvert.DeserializeObject[T](String value, JsonSerializerSettings settings)
   at WebAppCoreNew.Service.ModuleService.LoadQueryModule(ParramModuleQuery parram) in G:\ATuanLM\AuditProject\Audit\Program\Core\WebAppCore\Service\ModuleService.cs:line 57
-------------------------------------------
Thời điểm lỗi: 06:55:50 PM
Hàm/Phương thức gọi lỗi: LoadQueryModule
Chi tiết lỗi: System.ArgumentNullException: Value cannot be null. (Parameter 'value')
   at Newtonsoft.Json.JsonConvert.DeserializeObject(String value, Type type, JsonSerializerSettings settings)
   at Newtonsoft.Json.JsonConvert.DeserializeObject[T](String value, JsonSerializerSettings settings)
   at WebAppCoreNew.Service.ModuleService.LoadQueryModule(ParramModuleQuery parram) in G:\ATuanLM\AuditProject\Audit\Program\Core\WebAppCore\Service\ModuleService.cs:line 57
-------------------------------------------
Thời điểm lỗi: 06:56:43 PM
Hàm/Phương thức gọi lỗi: LoadQueryModule
Chi tiết lỗi: System.ArgumentNullException: Value cannot be null. (Parameter 'value')
   at Newtonsoft.Json.JsonConvert.DeserializeObject(String value, Type type, JsonSerializerSettings settings)
   at Newtonsoft.Json.JsonConvert.DeserializeObject[T](String value, JsonSerializerSettings settings)
   at WebAppCoreNew.Service.ModuleService.LoadQueryModule(ParramModuleQuery parram) in G:\ATuanLM\AuditProject\Audit\Program\Core\WebAppCore\Service\ModuleService.cs:line 57
-------------------------------------------
Thời điểm lỗi: 08:40:32 PM
Hàm/Phương thức gọi lỗi: LoadQueryModule
Chi tiết lỗi: System.ArgumentNullException: Value cannot be null. (Parameter 'value')
   at Newtonsoft.Json.JsonConvert.DeserializeObject(String value, Type type, JsonSerializerSettings settings)
   at Newtonsoft.Json.JsonConvert.DeserializeObject[T](String value, JsonSerializerSettings settings)
   at WebAppCoreNew.Service.ModuleService.LoadQueryModule(ParramModuleQuery parram) in G:\ATuanLM\AuditProject\Audit\Program\Core\WebAppCore\Service\ModuleService.cs:line 57
-------------------------------------------
