obj\Debug\netstandard2.1\blazor\unlinked\WebAppCoreBlazorNew.dll
obj\Debug\netstandard2.1\blazor\unlinked\System.Net.Http.Json.dll
obj\Debug\netstandard2.1\blazor\unlinked\System.Buffers.dll
obj\Debug\netstandard2.1\blazor\unlinked\mscorlib.dll
obj\Debug\netstandard2.1\blazor\unlinked\System.Threading.Tasks.Extensions.dll
obj\Debug\netstandard2.1\blazor\unlinked\System.Memory.dll
obj\Debug\netstandard2.1\blazor\unlinked\System.Text.Json.dll
obj\Debug\netstandard2.1\blazor\unlinked\System.Runtime.CompilerServices.Unsafe.dll
obj\Debug\netstandard2.1\blazor\unlinked\Microsoft.Bcl.AsyncInterfaces.dll
obj\Debug\netstandard2.1\blazor\unlinked\netstandard.dll
obj\Debug\netstandard2.1\blazor\unlinked\System.Xml.Linq.dll
obj\Debug\netstandard2.1\blazor\unlinked\System.Core.dll
obj\Debug\netstandard2.1\blazor\unlinked\System.dll
obj\Debug\netstandard2.1\blazor\unlinked\WebAssembly.Net.WebSockets.dll
obj\Debug\netstandard2.1\blazor\unlinked\WebAssembly.Bindings.dll
obj\Debug\netstandard2.1\blazor\unlinked\System.Numerics.dll
obj\Debug\netstandard2.1\blazor\unlinked\System.Xml.dll
obj\Debug\netstandard2.1\blazor\unlinked\Mono.Security.dll
obj\Debug\netstandard2.1\blazor\unlinked\System.Transactions.dll
obj\Debug\netstandard2.1\blazor\unlinked\System.Runtime.Serialization.dll
obj\Debug\netstandard2.1\blazor\unlinked\System.ServiceModel.Internals.dll
obj\Debug\netstandard2.1\blazor\unlinked\System.Net.Http.dll
obj\Debug\netstandard2.1\blazor\unlinked\System.Net.Http.WebAssemblyHttpHandler.dll
obj\Debug\netstandard2.1\blazor\unlinked\System.ComponentModel.Composition.dll
obj\Debug\netstandard2.1\blazor\unlinked\System.IO.Compression.FileSystem.dll
obj\Debug\netstandard2.1\blazor\unlinked\System.IO.Compression.dll
obj\Debug\netstandard2.1\blazor\unlinked\System.Drawing.Common.dll
obj\Debug\netstandard2.1\blazor\unlinked\System.Data.DataSetExtensions.dll
obj\Debug\netstandard2.1\blazor\unlinked\System.Data.dll
obj\Debug\netstandard2.1\blazor\unlinked\System.Numerics.Vectors.dll
obj\Debug\netstandard2.1\blazor\unlinked\System.Text.Encodings.Web.dll
obj\Debug\netstandard2.1\blazor\unlinked\Microsoft.AspNetCore.Http.dll
obj\Debug\netstandard2.1\blazor\unlinked\Microsoft.Extensions.ObjectPool.dll
obj\Debug\netstandard2.1\blazor\unlinked\Microsoft.Net.Http.Headers.dll
obj\Debug\netstandard2.1\blazor\unlinked\Microsoft.Extensions.Primitives.dll
obj\Debug\netstandard2.1\blazor\unlinked\Microsoft.AspNetCore.WebUtilities.dll
obj\Debug\netstandard2.1\blazor\unlinked\Microsoft.Extensions.Options.dll
obj\Debug\netstandard2.1\blazor\unlinked\Microsoft.Extensions.DependencyInjection.Abstractions.dll
obj\Debug\netstandard2.1\blazor\unlinked\Microsoft.AspNetCore.Http.Features.dll
obj\Debug\netstandard2.1\blazor\unlinked\Microsoft.AspNetCore.Http.Abstractions.dll
obj\Debug\netstandard2.1\blazor\unlinked\Microsoft.Extensions.Configuration.Json.dll
obj\Debug\netstandard2.1\blazor\unlinked\Microsoft.Extensions.Configuration.dll
obj\Debug\netstandard2.1\blazor\unlinked\Microsoft.Extensions.Configuration.Abstractions.dll
obj\Debug\netstandard2.1\blazor\unlinked\Microsoft.Extensions.Configuration.FileExtensions.dll
obj\Debug\netstandard2.1\blazor\unlinked\Microsoft.Extensions.FileProviders.Physical.dll
obj\Debug\netstandard2.1\blazor\unlinked\Microsoft.Extensions.FileSystemGlobbing.dll
obj\Debug\netstandard2.1\blazor\unlinked\Microsoft.Extensions.FileProviders.Abstractions.dll
obj\Debug\netstandard2.1\blazor\unlinked\Serilog.Sinks.Elasticsearch.dll
obj\Debug\netstandard2.1\blazor\unlinked\Serilog.Sinks.File.dll
obj\Debug\netstandard2.1\blazor\unlinked\System.Linq.dll
obj\Debug\netstandard2.1\blazor\unlinked\System.Globalization.dll
obj\Debug\netstandard2.1\blazor\unlinked\System.Text.Encoding.Extensions.dll
obj\Debug\netstandard2.1\blazor\unlinked\System.IO.FileSystem.Primitives.dll
obj\Debug\netstandard2.1\blazor\unlinked\System.Runtime.Extensions.dll
obj\Debug\netstandard2.1\blazor\unlinked\System.Threading.dll
obj\Debug\netstandard2.1\blazor\unlinked\System.Collections.dll
obj\Debug\netstandard2.1\blazor\unlinked\System.Threading.Timer.dll
obj\Debug\netstandard2.1\blazor\unlinked\System.Text.RegularExpressions.dll
obj\Debug\netstandard2.1\blazor\unlinked\System.IO.FileSystem.dll
obj\Debug\netstandard2.1\blazor\unlinked\System.IO.dll
obj\Debug\netstandard2.1\blazor\unlinked\System.Text.Encoding.dll
obj\Debug\netstandard2.1\blazor\unlinked\Serilog.dll
obj\Debug\netstandard2.1\blazor\unlinked\System.Runtime.dll
obj\Debug\netstandard2.1\blazor\unlinked\Microsoft.CSharp.dll
obj\Debug\netstandard2.1\blazor\unlinked\Serilog.Formatting.Elasticsearch.dll
obj\Debug\netstandard2.1\blazor\unlinked\Serilog.Sinks.PeriodicBatching.dll
obj\Debug\netstandard2.1\blazor\unlinked\System.Threading.Tasks.dll
obj\Debug\netstandard2.1\blazor\unlinked\System.Collections.Concurrent.dll
obj\Debug\netstandard2.1\blazor\unlinked\Elasticsearch.Net.dll
obj\Debug\netstandard2.1\blazor\unlinked\System.Reflection.Emit.dll
obj\Debug\netstandard2.1\blazor\unlinked\System.Reflection.Emit.ILGeneration.dll
obj\Debug\netstandard2.1\blazor\unlinked\System.Reflection.Emit.Lightweight.dll
obj\Debug\netstandard2.1\blazor\unlinked\System.Diagnostics.DiagnosticSource.dll
obj\Debug\netstandard2.1\blazor\unlinked\System.Diagnostics.Debug.dll
obj\Debug\netstandard2.1\blazor\unlinked\System.Reflection.dll
obj\Debug\netstandard2.1\blazor\unlinked\System.Diagnostics.Tracing.dll
obj\Debug\netstandard2.1\blazor\unlinked\Microsoft.AspNetCore.Components.Web.dll
obj\Debug\netstandard2.1\blazor\unlinked\Microsoft.AspNetCore.Components.Forms.dll
obj\Debug\netstandard2.1\blazor\unlinked\System.ComponentModel.Annotations.dll
obj\Debug\netstandard2.1\blazor\unlinked\System.ComponentModel.DataAnnotations.dll
obj\Debug\netstandard2.1\blazor\unlinked\Microsoft.AspNetCore.Components.dll
obj\Debug\netstandard2.1\blazor\unlinked\Microsoft.Extensions.Logging.Abstractions.dll
obj\Debug\netstandard2.1\blazor\unlinked\Microsoft.Extensions.Caching.Abstractions.dll
obj\Debug\netstandard2.1\blazor\unlinked\System.Web.Mvc.dll
obj\Debug\netstandard2.1\blazor\unlinked\Microsoft.Web.Infrastructure.dll
obj\Debug\netstandard2.1\blazor\unlinked\System.Web.Razor.dll
obj\Debug\netstandard2.1\blazor\unlinked\System.Web.WebPages.Razor.dll
obj\Debug\netstandard2.1\blazor\unlinked\System.Web.WebPages.dll
obj\Debug\netstandard2.1\blazor\unlinked\System.Web.WebPages.Deployment.dll
obj\Debug\netstandard2.1\blazor\unlinked\Microsoft.JSInterop.dll
obj\Debug\netstandard2.1\blazor\unlinked\Microsoft.AspNetCore.Components.WebAssembly.dll
obj\Debug\netstandard2.1\blazor\unlinked\Microsoft.Extensions.DependencyInjection.dll
obj\Debug\netstandard2.1\blazor\unlinked\Microsoft.Extensions.Logging.dll
obj\Debug\netstandard2.1\blazor\unlinked\Microsoft.JSInterop.WebAssembly.dll
obj\Debug\netstandard2.1\blazor\unlinked\Microsoft.Extensions.Caching.Redis.dll
obj\Debug\netstandard2.1\blazor\unlinked\StackExchange.Redis.StrongName.dll
obj\Debug\netstandard2.1\blazor\unlinked\System.Security.Cryptography.Primitives.dll
obj\Debug\netstandard2.1\blazor\unlinked\System.Net.NameResolution.dll
obj\Debug\netstandard2.1\blazor\unlinked\System.Runtime.InteropServices.RuntimeInformation.dll
obj\Debug\netstandard2.1\blazor\unlinked\System.Reflection.TypeExtensions.dll
obj\Debug\netstandard2.1\blazor\unlinked\System.Reflection.Primitives.dll
obj\Debug\netstandard2.1\blazor\unlinked\System.Threading.Thread.dll
obj\Debug\netstandard2.1\blazor\unlinked\System.Net.Sockets.dll
obj\Debug\netstandard2.1\blazor\unlinked\System.Security.Cryptography.Algorithms.dll
obj\Debug\netstandard2.1\blazor\unlinked\System.Security.Cryptography.X509Certificates.dll
obj\Debug\netstandard2.1\blazor\unlinked\System.Net.Security.dll
obj\Debug\netstandard2.1\blazor\unlinked\System.Threading.ThreadPool.dll
obj\Debug\netstandard2.1\blazor\unlinked\System.Collections.NonGeneric.dll
obj\Debug\netstandard2.1\blazor\unlinked\System.Net.Primitives.dll
obj\Debug\netstandard2.1\blazor\unlinked\WebModel.dll
obj\Debug\netstandard2.1\blazor\unlinked\Web.Entities.dll
obj\Debug\netstandard2.1\blazor\unlinked\Newtonsoft.Json.dll
obj\Debug\netstandard2.1\blazor\unlinked\WebAppCoreBlazorNew.pdb
obj\Debug\netstandard2.1\blazor\unlinked\WebModel.pdb
obj\Debug\netstandard2.1\blazor\unlinked\Web.Entities.pdb
