Thời điểm lỗi: 09:51:54 PM
Hàm/Phương thức gọi lỗi: LoadQueryModule
Chi tiết lỗi: System.ArgumentNullException: Value cannot be null. (Parameter 'value')
   at Newtonsoft.Json.Utilities.ValidationUtils.ArgumentNotNull(Object value, String parameterName)
   at Newtonsoft.Json.JsonConvert.DeserializeObject(String value, Type type, JsonSerializerSettings settings)
   at Newtonsoft.Json.JsonConvert.DeserializeObject[T](String value, JsonSerializerSettings settings)
   at Newtonsoft.Json.JsonConvert.DeserializeObject[T](String value)
   at WebAppCoreNew.Service.ModuleService.LoadQueryModule(ParramModuleQuery parram) in G:\ATuanLM\AuditProject\Audit\Program\Core\WebAppCore\Service\ModuleService.cs:line 57
-------------------------------------------
Thời điểm lỗi: 09:54:58 PM
Hàm/Phương thức gọi lỗi: LoadQueryModule
Chi tiết lỗi: System.ArgumentNullException: Value cannot be null. (Parameter 'value')
   at Newtonsoft.Json.Utilities.ValidationUtils.ArgumentNotNull(Object value, String parameterName)
   at Newtonsoft.Json.JsonConvert.DeserializeObject(String value, Type type, JsonSerializerSettings settings)
   at Newtonsoft.Json.JsonConvert.DeserializeObject[T](String value, JsonSerializerSettings settings)
   at Newtonsoft.Json.JsonConvert.DeserializeObject[T](String value)
   at WebAppCoreNew.Service.ModuleService.LoadQueryModule(ParramModuleQuery parram) in G:\ATuanLM\AuditProject\Audit\Program\Core\WebAppCore\Service\ModuleService.cs:line 57
-------------------------------------------
Thời điểm lỗi: 09:55:16 PM
Hàm/Phương thức gọi lỗi: LoadQueryModule
Chi tiết lỗi: System.ArgumentNullException: Value cannot be null. (Parameter 'value')
   at Newtonsoft.Json.Utilities.ValidationUtils.ArgumentNotNull(Object value, String parameterName)
   at Newtonsoft.Json.JsonConvert.DeserializeObject(String value, Type type, JsonSerializerSettings settings)
   at Newtonsoft.Json.JsonConvert.DeserializeObject[T](String value, JsonSerializerSettings settings)
   at Newtonsoft.Json.JsonConvert.DeserializeObject[T](String value)
   at WebAppCoreNew.Service.ModuleService.LoadQueryModule(ParramModuleQuery parram) in G:\ATuanLM\AuditProject\Audit\Program\Core\WebAppCore\Service\ModuleService.cs:line 57
-------------------------------------------
Thời điểm lỗi: 09:56:18 PM
Hàm/Phương thức gọi lỗi: LoadQueryModule
Chi tiết lỗi: System.ArgumentNullException: Value cannot be null. (Parameter 'value')
   at Newtonsoft.Json.Utilities.ValidationUtils.ArgumentNotNull(Object value, String parameterName)
   at Newtonsoft.Json.JsonConvert.DeserializeObject(String value, Type type, JsonSerializerSettings settings)
   at Newtonsoft.Json.JsonConvert.DeserializeObject[T](String value, JsonSerializerSettings settings)
   at Newtonsoft.Json.JsonConvert.DeserializeObject[T](String value)
   at WebAppCoreNew.Service.ModuleService.LoadQueryModule(ParramModuleQuery parram) in G:\ATuanLM\AuditProject\Audit\Program\Core\WebAppCore\Service\ModuleService.cs:line 57
-------------------------------------------
Thời điểm lỗi: 10:06:09 PM
Hàm/Phương thức gọi lỗi: LoadQueryModule
Chi tiết lỗi: System.NullReferenceException: Object reference not set to an instance of an object.
   at WebAppCoreNew.Service.ModuleService.LoadQueryModule(ParramModuleQuery parram) in G:\ATuanLM\AuditProject\Audit\Program\Core\WebAppCore\Service\ModuleService.cs:line 57
-------------------------------------------
Thời điểm lỗi: 10:13:30 PM
Hàm/Phương thức gọi lỗi: LoadQueryModule
Chi tiết lỗi: System.ArgumentNullException: Value cannot be null. (Parameter 'value')
   at Newtonsoft.Json.Utilities.ValidationUtils.ArgumentNotNull(Object value, String parameterName)
   at Newtonsoft.Json.JsonConvert.DeserializeObject(String value, Type type, JsonSerializerSettings settings)
   at Newtonsoft.Json.JsonConvert.DeserializeObject[T](String value, JsonSerializerSettings settings)
   at Newtonsoft.Json.JsonConvert.DeserializeObject[T](String value)
   at WebAppCoreNew.Service.ModuleService.LoadQueryModule(ParramModuleQuery parram) in G:\ATuanLM\AuditProject\Audit\Program\Core\WebAppCore\Service\ModuleService.cs:line 57
-------------------------------------------
Thời điểm lỗi: 10:13:36 PM
Hàm/Phương thức gọi lỗi: LoadQueryModule
Chi tiết lỗi: Newtonsoft.Json.JsonSerializationException: Cannot deserialize the current JSON object (e.g. {"name":"value"}) into type 'System.Collections.Generic.List`1[System.Object]' because the type requires a JSON array (e.g. [1,2,3]) to deserialize correctly.
To fix this error either change the JSON to a JSON array (e.g. [1,2,3]) or change the deserialized type so that it is a normal .NET type (e.g. not a primitive type like integer, not a collection type like an array or List<T>) that can be deserialized from a JSON object. JsonObjectAttribute can also be added to the type to force it to deserialize from a JSON object.
Path '['DataTable.RemotingVersion']', line 1, position 29.
   at Newtonsoft.Json.Serialization.JsonSerializerInternalReader.CreateObject(JsonReader reader, Type objectType, JsonContract contract, JsonProperty member, JsonContainerContract containerContract, JsonProperty containerMember, Object existingValue)
   at Newtonsoft.Json.Serialization.JsonSerializerInternalReader.CreateValueInternal(JsonReader reader, Type objectType, JsonContract contract, JsonProperty member, JsonContainerContract containerContract, JsonProperty containerMember, Object existingValue)
   at Newtonsoft.Json.Serialization.JsonSerializerInternalReader.Deserialize(JsonReader reader, Type objectType, Boolean checkAdditionalContent)
   at Newtonsoft.Json.JsonSerializer.DeserializeInternal(JsonReader reader, Type objectType)
   at Newtonsoft.Json.JsonSerializer.Deserialize(JsonReader reader, Type objectType)
   at Newtonsoft.Json.JsonConvert.DeserializeObject(String value, Type type, JsonSerializerSettings settings)
   at Newtonsoft.Json.JsonConvert.DeserializeObject[T](String value, JsonSerializerSettings settings)
   at Newtonsoft.Json.JsonConvert.DeserializeObject[T](String value)
   at WebAppCoreNew.Service.ModuleService.LoadQueryModule(ParramModuleQuery parram) in G:\ATuanLM\AuditProject\Audit\Program\Core\WebAppCore\Service\ModuleService.cs:line 57
-------------------------------------------
Thời điểm lỗi: 10:14:06 PM
Hàm/Phương thức gọi lỗi: LoadQueryModule
Chi tiết lỗi: Newtonsoft.Json.JsonSerializationException: Cannot deserialize the current JSON object (e.g. {"name":"value"}) into type 'System.Collections.Generic.List`1[System.Object]' because the type requires a JSON array (e.g. [1,2,3]) to deserialize correctly.
To fix this error either change the JSON to a JSON array (e.g. [1,2,3]) or change the deserialized type so that it is a normal .NET type (e.g. not a primitive type like integer, not a collection type like an array or List<T>) that can be deserialized from a JSON object. JsonObjectAttribute can also be added to the type to force it to deserialize from a JSON object.
Path '['DataTable.RemotingVersion']', line 1, position 29.
   at Newtonsoft.Json.Serialization.JsonSerializerInternalReader.CreateObject(JsonReader reader, Type objectType, JsonContract contract, JsonProperty member, JsonContainerContract containerContract, JsonProperty containerMember, Object existingValue)
   at Newtonsoft.Json.Serialization.JsonSerializerInternalReader.CreateValueInternal(JsonReader reader, Type objectType, JsonContract contract, JsonProperty member, JsonContainerContract containerContract, JsonProperty containerMember, Object existingValue)
   at Newtonsoft.Json.Serialization.JsonSerializerInternalReader.Deserialize(JsonReader reader, Type objectType, Boolean checkAdditionalContent)
   at Newtonsoft.Json.JsonSerializer.DeserializeInternal(JsonReader reader, Type objectType)
   at Newtonsoft.Json.JsonSerializer.Deserialize(JsonReader reader, Type objectType)
   at Newtonsoft.Json.JsonConvert.DeserializeObject(String value, Type type, JsonSerializerSettings settings)
   at Newtonsoft.Json.JsonConvert.DeserializeObject[T](String value, JsonSerializerSettings settings)
   at Newtonsoft.Json.JsonConvert.DeserializeObject[T](String value)
   at WebAppCoreNew.Service.ModuleService.LoadQueryModule(ParramModuleQuery parram) in G:\ATuanLM\AuditProject\Audit\Program\Core\WebAppCore\Service\ModuleService.cs:line 57
-------------------------------------------
Thời điểm lỗi: 10:14:22 PM
Hàm/Phương thức gọi lỗi: LoadQueryModule
Chi tiết lỗi: Newtonsoft.Json.JsonSerializationException: Cannot deserialize the current JSON object (e.g. {"name":"value"}) into type 'System.Collections.Generic.List`1[System.Object]' because the type requires a JSON array (e.g. [1,2,3]) to deserialize correctly.
To fix this error either change the JSON to a JSON array (e.g. [1,2,3]) or change the deserialized type so that it is a normal .NET type (e.g. not a primitive type like integer, not a collection type like an array or List<T>) that can be deserialized from a JSON object. JsonObjectAttribute can also be added to the type to force it to deserialize from a JSON object.
Path '['DataTable.RemotingVersion']', line 1, position 29.
   at Newtonsoft.Json.Serialization.JsonSerializerInternalReader.CreateObject(JsonReader reader, Type objectType, JsonContract contract, JsonProperty member, JsonContainerContract containerContract, JsonProperty containerMember, Object existingValue)
   at Newtonsoft.Json.Serialization.JsonSerializerInternalReader.CreateValueInternal(JsonReader reader, Type objectType, JsonContract contract, JsonProperty member, JsonContainerContract containerContract, JsonProperty containerMember, Object existingValue)
   at Newtonsoft.Json.Serialization.JsonSerializerInternalReader.Deserialize(JsonReader reader, Type objectType, Boolean checkAdditionalContent)
   at Newtonsoft.Json.JsonSerializer.DeserializeInternal(JsonReader reader, Type objectType)
   at Newtonsoft.Json.JsonConvert.DeserializeObject(String value, Type type, JsonSerializerSettings settings)
   at Newtonsoft.Json.JsonConvert.DeserializeObject[T](String value, JsonSerializerSettings settings)
   at WebAppCoreNew.Service.ModuleService.LoadQueryModule(ParramModuleQuery parram) in G:\ATuanLM\AuditProject\Audit\Program\Core\WebAppCore\Service\ModuleService.cs:line 57
-------------------------------------------
Thời điểm lỗi: 10:15:02 PM
Hàm/Phương thức gọi lỗi: LoadQueryModule
Chi tiết lỗi: Newtonsoft.Json.JsonSerializationException: Cannot deserialize the current JSON object (e.g. {"name":"value"}) into type 'System.Collections.Generic.List`1[System.Object]' because the type requires a JSON array (e.g. [1,2,3]) to deserialize correctly.
To fix this error either change the JSON to a JSON array (e.g. [1,2,3]) or change the deserialized type so that it is a normal .NET type (e.g. not a primitive type like integer, not a collection type like an array or List<T>) that can be deserialized from a JSON object. JsonObjectAttribute can also be added to the type to force it to deserialize from a JSON object.
Path '['DataTable.RemotingVersion']', line 1, position 29.
   at Newtonsoft.Json.Serialization.JsonSerializerInternalReader.CreateObject(JsonReader reader, Type objectType, JsonContract contract, JsonProperty member, JsonContainerContract containerContract, JsonProperty containerMember, Object existingValue)
   at Newtonsoft.Json.Serialization.JsonSerializerInternalReader.CreateValueInternal(JsonReader reader, Type objectType, JsonContract contract, JsonProperty member, JsonContainerContract containerContract, JsonProperty containerMember, Object existingValue)
   at Newtonsoft.Json.Serialization.JsonSerializerInternalReader.Deserialize(JsonReader reader, Type objectType, Boolean checkAdditionalContent)
   at Newtonsoft.Json.JsonSerializer.DeserializeInternal(JsonReader reader, Type objectType)
   at Newtonsoft.Json.JsonConvert.DeserializeObject(String value, Type type, JsonSerializerSettings settings)
   at Newtonsoft.Json.JsonConvert.DeserializeObject[T](String value, JsonSerializerSettings settings)
   at WebAppCoreNew.Service.ModuleService.LoadQueryModule(ParramModuleQuery parram) in G:\ATuanLM\AuditProject\Audit\Program\Core\WebAppCore\Service\ModuleService.cs:line 57
-------------------------------------------
Thời điểm lỗi: 10:19:36 PM
Hàm/Phương thức gọi lỗi: LoadQueryModule
Chi tiết lỗi: Newtonsoft.Json.JsonSerializationException: Cannot deserialize the current JSON object (e.g. {"name":"value"}) into type 'System.Collections.Generic.List`1[System.Object]' because the type requires a JSON array (e.g. [1,2,3]) to deserialize correctly.
To fix this error either change the JSON to a JSON array (e.g. [1,2,3]) or change the deserialized type so that it is a normal .NET type (e.g. not a primitive type like integer, not a collection type like an array or List<T>) that can be deserialized from a JSON object. JsonObjectAttribute can also be added to the type to force it to deserialize from a JSON object.
Path '['DataTable.RemotingVersion']', line 1, position 29.
   at Newtonsoft.Json.Serialization.JsonSerializerInternalReader.CreateObject(JsonReader reader, Type objectType, JsonContract contract, JsonProperty member, JsonContainerContract containerContract, JsonProperty containerMember, Object existingValue)
   at Newtonsoft.Json.Serialization.JsonSerializerInternalReader.CreateValueInternal(JsonReader reader, Type objectType, JsonContract contract, JsonProperty member, JsonContainerContract containerContract, JsonProperty containerMember, Object existingValue)
   at Newtonsoft.Json.Serialization.JsonSerializerInternalReader.Deserialize(JsonReader reader, Type objectType, Boolean checkAdditionalContent)
   at Newtonsoft.Json.JsonSerializer.DeserializeInternal(JsonReader reader, Type objectType)
   at Newtonsoft.Json.JsonConvert.DeserializeObject(String value, Type type, JsonSerializerSettings settings)
   at Newtonsoft.Json.JsonConvert.DeserializeObject[T](String value, JsonSerializerSettings settings)
   at WebAppCoreNew.Service.ModuleService.LoadQueryModule(ParramModuleQuery parram) in G:\ATuanLM\AuditProject\Audit\Program\Core\WebAppCore\Service\ModuleService.cs:line 57
-------------------------------------------
Thời điểm lỗi: 10:25:23 PM
Hàm/Phương thức gọi lỗi: LoadQueryModule
Chi tiết lỗi: System.ArgumentNullException: Value cannot be null. (Parameter 'value')
   at Newtonsoft.Json.Utilities.ValidationUtils.ArgumentNotNull(Object value, String parameterName)
   at Newtonsoft.Json.JsonConvert.DeserializeObject(String value, Type type, JsonSerializerSettings settings)
   at Newtonsoft.Json.JsonConvert.DeserializeObject[T](String value, JsonSerializerSettings settings)
   at Newtonsoft.Json.JsonConvert.DeserializeObject[T](String value)
   at WebAppCoreNew.Service.ModuleService.LoadQueryModule(ParramModuleQuery parram) in G:\ATuanLM\AuditProject\Audit\Program\Core\WebAppCore\Service\ModuleService.cs:line 57
-------------------------------------------
Thời điểm lỗi: 10:27:46 PM
Hàm/Phương thức gọi lỗi: LoadQueryModule
Chi tiết lỗi: System.ArgumentNullException: Value cannot be null. (Parameter 'value')
   at Newtonsoft.Json.Utilities.ValidationUtils.ArgumentNotNull(Object value, String parameterName)
   at Newtonsoft.Json.JsonConvert.DeserializeObject(String value, Type type, JsonSerializerSettings settings)
   at Newtonsoft.Json.JsonConvert.DeserializeObject[T](String value, JsonSerializerSettings settings)
   at Newtonsoft.Json.JsonConvert.DeserializeObject[T](String value)
   at WebAppCoreNew.Service.ModuleService.LoadQueryModule(ParramModuleQuery parram) in G:\ATuanLM\AuditProject\Audit\Program\Core\WebAppCore\Service\ModuleService.cs:line 56
-------------------------------------------
Thời điểm lỗi: 10:28:03 PM
Hàm/Phương thức gọi lỗi: LoadQueryModule
Chi tiết lỗi: Newtonsoft.Json.JsonSerializationException: Cannot deserialize the current JSON object (e.g. {"name":"value"}) into type 'System.Collections.Generic.List`1[System.Object]' because the type requires a JSON array (e.g. [1,2,3]) to deserialize correctly.
To fix this error either change the JSON to a JSON array (e.g. [1,2,3]) or change the deserialized type so that it is a normal .NET type (e.g. not a primitive type like integer, not a collection type like an array or List<T>) that can be deserialized from a JSON object. JsonObjectAttribute can also be added to the type to force it to deserialize from a JSON object.
Path '['DataTable.RemotingVersion']', line 1, position 29.
   at Newtonsoft.Json.Serialization.JsonSerializerInternalReader.CreateObject(JsonReader reader, Type objectType, JsonContract contract, JsonProperty member, JsonContainerContract containerContract, JsonProperty containerMember, Object existingValue)
   at Newtonsoft.Json.Serialization.JsonSerializerInternalReader.CreateValueInternal(JsonReader reader, Type objectType, JsonContract contract, JsonProperty member, JsonContainerContract containerContract, JsonProperty containerMember, Object existingValue)
   at Newtonsoft.Json.Serialization.JsonSerializerInternalReader.Deserialize(JsonReader reader, Type objectType, Boolean checkAdditionalContent)
   at Newtonsoft.Json.JsonSerializer.DeserializeInternal(JsonReader reader, Type objectType)
   at Newtonsoft.Json.JsonSerializer.Deserialize(JsonReader reader, Type objectType)
   at Newtonsoft.Json.JsonConvert.DeserializeObject(String value, Type type, JsonSerializerSettings settings)
   at Newtonsoft.Json.JsonConvert.DeserializeObject[T](String value, JsonSerializerSettings settings)
   at Newtonsoft.Json.JsonConvert.DeserializeObject[T](String value)
   at WebAppCoreNew.Service.ModuleService.LoadQueryModule(ParramModuleQuery parram) in G:\ATuanLM\AuditProject\Audit\Program\Core\WebAppCore\Service\ModuleService.cs:line 57
-------------------------------------------
Thời điểm lỗi: 10:28:14 PM
Hàm/Phương thức gọi lỗi: LoadQueryModule
Chi tiết lỗi: Newtonsoft.Json.JsonSerializationException: Cannot deserialize the current JSON object (e.g. {"name":"value"}) into type 'System.Collections.Generic.List`1[System.Object]' because the type requires a JSON array (e.g. [1,2,3]) to deserialize correctly.
To fix this error either change the JSON to a JSON array (e.g. [1,2,3]) or change the deserialized type so that it is a normal .NET type (e.g. not a primitive type like integer, not a collection type like an array or List<T>) that can be deserialized from a JSON object. JsonObjectAttribute can also be added to the type to force it to deserialize from a JSON object.
Path '['DataTable.RemotingVersion']', line 1, position 29.
   at Newtonsoft.Json.Serialization.JsonSerializerInternalReader.CreateObject(JsonReader reader, Type objectType, JsonContract contract, JsonProperty member, JsonContainerContract containerContract, JsonProperty containerMember, Object existingValue)
   at Newtonsoft.Json.Serialization.JsonSerializerInternalReader.CreateValueInternal(JsonReader reader, Type objectType, JsonContract contract, JsonProperty member, JsonContainerContract containerContract, JsonProperty containerMember, Object existingValue)
   at Newtonsoft.Json.Serialization.JsonSerializerInternalReader.Deserialize(JsonReader reader, Type objectType, Boolean checkAdditionalContent)
   at Newtonsoft.Json.JsonSerializer.DeserializeInternal(JsonReader reader, Type objectType)
   at Newtonsoft.Json.JsonConvert.DeserializeObject(String value, Type type, JsonSerializerSettings settings)
   at Newtonsoft.Json.JsonConvert.DeserializeObject[T](String value, JsonSerializerSettings settings)
   at WebAppCoreNew.Service.ModuleService.LoadQueryModule(ParramModuleQuery parram) in G:\ATuanLM\AuditProject\Audit\Program\Core\WebAppCore\Service\ModuleService.cs:line 57
-------------------------------------------
Thời điểm lỗi: 10:30:05 PM
Hàm/Phương thức gọi lỗi: LoadQueryModule
Chi tiết lỗi: System.ArgumentNullException: Value cannot be null. (Parameter 'value')
   at Newtonsoft.Json.JsonConvert.DeserializeObject(String value, Type type, JsonSerializerSettings settings)
   at Newtonsoft.Json.JsonConvert.DeserializeObject[T](String value, JsonSerializerSettings settings)
   at WebAppCoreNew.Service.ModuleService.LoadQueryModule(ParramModuleQuery parram) in G:\ATuanLM\AuditProject\Audit\Program\Core\WebAppCore\Service\ModuleService.cs:line 56
-------------------------------------------
Thời điểm lỗi: 10:47:09 PM
Hàm/Phương thức gọi lỗi: LoadQueryModule
Chi tiết lỗi: System.ArgumentNullException: Value cannot be null. (Parameter 'value')
   at Newtonsoft.Json.Utilities.ValidationUtils.ArgumentNotNull(Object value, String parameterName)
   at Newtonsoft.Json.JsonConvert.DeserializeObject(String value, Type type, JsonSerializerSettings settings)
   at Newtonsoft.Json.JsonConvert.DeserializeObject[T](String value, JsonSerializerSettings settings)
   at Newtonsoft.Json.JsonConvert.DeserializeObject[T](String value)
   at WebAppCoreNew.Service.ModuleService.LoadQueryModule(ParramModuleQuery parram) in G:\ATuanLM\AuditProject\Audit\Program\Core\WebAppCore\Service\ModuleService.cs:line 57
-------------------------------------------
Thời điểm lỗi: 11:03:41 PM
Hàm/Phương thức gọi lỗi: LoadQueryModule
Chi tiết lỗi: System.ArgumentNullException: Value cannot be null. (Parameter 'value')
   at Newtonsoft.Json.JsonConvert.DeserializeObject(String value, Type type, JsonSerializerSettings settings)
   at Newtonsoft.Json.JsonConvert.DeserializeObject[T](String value, JsonSerializerSettings settings)
   at WebAppCoreNew.Service.ModuleService.LoadQueryModule(ParramModuleQuery parram) in G:\ATuanLM\AuditProject\Audit\Program\Core\WebAppCore\Service\ModuleService.cs:line 57
-------------------------------------------
Thời điểm lỗi: 11:03:56 PM
Hàm/Phương thức gọi lỗi: LoadQueryModule
Chi tiết lỗi: System.ArgumentNullException: Value cannot be null. (Parameter 'value')
   at Newtonsoft.Json.JsonConvert.DeserializeObject(String value, Type type, JsonSerializerSettings settings)
   at Newtonsoft.Json.JsonConvert.DeserializeObject[T](String value, JsonSerializerSettings settings)
   at WebAppCoreNew.Service.ModuleService.LoadQueryModule(ParramModuleQuery parram) in G:\ATuanLM\AuditProject\Audit\Program\Core\WebAppCore\Service\ModuleService.cs:line 57
-------------------------------------------
Thời điểm lỗi: 11:05:38 PM
Hàm/Phương thức gọi lỗi: LoadQueryModule
Chi tiết lỗi: System.ArgumentNullException: Value cannot be null. (Parameter 'value')
   at Newtonsoft.Json.JsonConvert.DeserializeObject(String value, Type type, JsonSerializerSettings settings)
   at Newtonsoft.Json.JsonConvert.DeserializeObject[T](String value, JsonSerializerSettings settings)
   at WebAppCoreNew.Service.ModuleService.LoadQueryModule(ParramModuleQuery parram) in G:\ATuanLM\AuditProject\Audit\Program\Core\WebAppCore\Service\ModuleService.cs:line 57
-------------------------------------------
Thời điểm lỗi: 11:05:55 PM
Hàm/Phương thức gọi lỗi: LoadQueryModule
Chi tiết lỗi: System.ArgumentNullException: Value cannot be null. (Parameter 'value')
   at Newtonsoft.Json.JsonConvert.DeserializeObject(String value, Type type, JsonSerializerSettings settings)
   at Newtonsoft.Json.JsonConvert.DeserializeObject[T](String value, JsonSerializerSettings settings)
   at WebAppCoreNew.Service.ModuleService.LoadQueryModule(ParramModuleQuery parram) in G:\ATuanLM\AuditProject\Audit\Program\Core\WebAppCore\Service\ModuleService.cs:line 57
-------------------------------------------
Thời điểm lỗi: 11:08:27 PM
Hàm/Phương thức gọi lỗi: LoadQueryModule
Chi tiết lỗi: System.ArgumentNullException: Value cannot be null. (Parameter 'value')
   at Newtonsoft.Json.JsonConvert.DeserializeObject(String value, Type type, JsonSerializerSettings settings)
   at Newtonsoft.Json.JsonConvert.DeserializeObject[T](String value, JsonSerializerSettings settings)
   at WebAppCoreNew.Service.ModuleService.LoadQueryModule(ParramModuleQuery parram) in G:\ATuanLM\AuditProject\Audit\Program\Core\WebAppCore\Service\ModuleService.cs:line 57
-------------------------------------------
Thời điểm lỗi: 11:09:25 PM
Hàm/Phương thức gọi lỗi: LoadQueryModule
Chi tiết lỗi: System.ArgumentNullException: Value cannot be null. (Parameter 'value')
   at Newtonsoft.Json.JsonConvert.DeserializeObject(String value, Type type, JsonSerializerSettings settings)
   at Newtonsoft.Json.JsonConvert.DeserializeObject[T](String value, JsonSerializerSettings settings)
   at WebAppCoreNew.Service.ModuleService.LoadQueryModule(ParramModuleQuery parram) in G:\ATuanLM\AuditProject\Audit\Program\Core\WebAppCore\Service\ModuleService.cs:line 57
-------------------------------------------
