Thời điểm lỗi: 02:51:15 PM
Hàm/Phương thức gọi lỗi: LoadQueryModule
Chi tiết lỗi: System.ArgumentNullException: Value cannot be null. (Parameter 'value')
   at Newtonsoft.Json.JsonConvert.DeserializeObject(String value, Type type, JsonSerializerSettings settings)
   at Newtonsoft.Json.JsonConvert.DeserializeObject[T](String value, JsonSerializerSettings settings)
   at WebAppCoreNew.Service.ModuleService.LoadQueryModule(ParramModuleQuery parram) in G:\ATuanLM\AuditProject\Audit\Program\Core\WebAppCore\Service\ModuleService.cs:line 57
-------------------------------------------
Thời điểm lỗi: 08:18:41 PM
Hàm/Phương thức gọi lỗi: LoadQueryModule
Chi tiết lỗi: System.ArgumentNullException: Value cannot be null. (Parameter 'value')
   at Newtonsoft.Json.Utilities.ValidationUtils.ArgumentNotNull(Object value, String parameterName)
   at Newtonsoft.Json.JsonConvert.DeserializeObject(String value, Type type, JsonSerializerSettings settings)
   at Newtonsoft.Json.JsonConvert.DeserializeObject[T](String value, JsonSerializerSettings settings)
   at Newtonsoft.Json.JsonConvert.DeserializeObject[T](String value)
   at WebAppCoreNew.Service.ModuleService.LoadQueryModule(ParramModuleQuery parram) in G:\ATuanLM\AuditProject\Audit\Program\Core\WebAppCore\Service\ModuleService.cs:line 57
-------------------------------------------
Thời điểm lỗi: 08:49:51 PM
Hàm/Phương thức gọi lỗi: LoadQueryModule
Chi tiết lỗi: System.ArgumentNullException: Value cannot be null. (Parameter 'value')
   at Newtonsoft.Json.JsonConvert.DeserializeObject(String value, Type type, JsonSerializerSettings settings)
   at Newtonsoft.Json.JsonConvert.DeserializeObject[T](String value, JsonSerializerSettings settings)
   at WebAppCoreNew.Service.ModuleService.LoadQueryModule(ParramModuleQuery parram) in G:\ATuanLM\AuditProject\Audit\Program\Core\WebAppCore\Service\ModuleService.cs:line 57
-------------------------------------------
Thời điểm lỗi: 08:49:57 PM
Hàm/Phương thức gọi lỗi: LoadQueryModule
Chi tiết lỗi: System.ArgumentNullException: Value cannot be null. (Parameter 'value')
   at Newtonsoft.Json.JsonConvert.DeserializeObject(String value, Type type, JsonSerializerSettings settings)
   at Newtonsoft.Json.JsonConvert.DeserializeObject[T](String value, JsonSerializerSettings settings)
   at WebAppCoreNew.Service.ModuleService.LoadQueryModule(ParramModuleQuery parram) in G:\ATuanLM\AuditProject\Audit\Program\Core\WebAppCore\Service\ModuleService.cs:line 57
-------------------------------------------
Thời điểm lỗi: 08:50:07 PM
Hàm/Phương thức gọi lỗi: LoadQueryModule
Chi tiết lỗi: System.ArgumentNullException: Value cannot be null. (Parameter 'value')
   at Newtonsoft.Json.JsonConvert.DeserializeObject(String value, Type type, JsonSerializerSettings settings)
   at Newtonsoft.Json.JsonConvert.DeserializeObject[T](String value, JsonSerializerSettings settings)
   at WebAppCoreNew.Service.ModuleService.LoadQueryModule(ParramModuleQuery parram) in G:\ATuanLM\AuditProject\Audit\Program\Core\WebAppCore\Service\ModuleService.cs:line 57
-------------------------------------------
Thời điểm lỗi: 08:50:10 PM
Hàm/Phương thức gọi lỗi: LoadQueryModule
Chi tiết lỗi: System.ArgumentNullException: Value cannot be null. (Parameter 'value')
   at Newtonsoft.Json.JsonConvert.DeserializeObject(String value, Type type, JsonSerializerSettings settings)
   at Newtonsoft.Json.JsonConvert.DeserializeObject[T](String value, JsonSerializerSettings settings)
   at WebAppCoreNew.Service.ModuleService.LoadQueryModule(ParramModuleQuery parram) in G:\ATuanLM\AuditProject\Audit\Program\Core\WebAppCore\Service\ModuleService.cs:line 57
-------------------------------------------
Thời điểm lỗi: 08:50:55 PM
Hàm/Phương thức gọi lỗi: LoadQueryModule
Chi tiết lỗi: System.ArgumentNullException: Value cannot be null. (Parameter 'value')
   at Newtonsoft.Json.JsonConvert.DeserializeObject(String value, Type type, JsonSerializerSettings settings)
   at Newtonsoft.Json.JsonConvert.DeserializeObject[T](String value, JsonSerializerSettings settings)
   at WebAppCoreNew.Service.ModuleService.LoadQueryModule(ParramModuleQuery parram) in G:\ATuanLM\AuditProject\Audit\Program\Core\WebAppCore\Service\ModuleService.cs:line 57
-------------------------------------------
Thời điểm lỗi: 08:50:59 PM
Hàm/Phương thức gọi lỗi: LoadQueryModule
Chi tiết lỗi: System.ArgumentNullException: Value cannot be null. (Parameter 'value')
   at Newtonsoft.Json.JsonConvert.DeserializeObject(String value, Type type, JsonSerializerSettings settings)
   at Newtonsoft.Json.JsonConvert.DeserializeObject[T](String value, JsonSerializerSettings settings)
   at WebAppCoreNew.Service.ModuleService.LoadQueryModule(ParramModuleQuery parram) in G:\ATuanLM\AuditProject\Audit\Program\Core\WebAppCore\Service\ModuleService.cs:line 57
-------------------------------------------
Thời điểm lỗi: 08:51:32 PM
Hàm/Phương thức gọi lỗi: LoadQueryModule
Chi tiết lỗi: System.ArgumentNullException: Value cannot be null. (Parameter 'value')
   at Newtonsoft.Json.JsonConvert.DeserializeObject(String value, Type type, JsonSerializerSettings settings)
   at Newtonsoft.Json.JsonConvert.DeserializeObject[T](String value, JsonSerializerSettings settings)
   at WebAppCoreNew.Service.ModuleService.LoadQueryModule(ParramModuleQuery parram) in G:\ATuanLM\AuditProject\Audit\Program\Core\WebAppCore\Service\ModuleService.cs:line 57
-------------------------------------------
Thời điểm lỗi: 09:02:40 PM
Hàm/Phương thức gọi lỗi: LoadQueryModule
Chi tiết lỗi: System.ArgumentNullException: Value cannot be null. (Parameter 'value')
   at Newtonsoft.Json.Utilities.ValidationUtils.ArgumentNotNull(Object value, String parameterName)
   at Newtonsoft.Json.JsonConvert.DeserializeObject(String value, Type type, JsonSerializerSettings settings)
   at Newtonsoft.Json.JsonConvert.DeserializeObject[T](String value, JsonSerializerSettings settings)
   at Newtonsoft.Json.JsonConvert.DeserializeObject[T](String value)
   at WebAppCoreNew.Service.ModuleService.LoadQueryModule(ParramModuleQuery parram) in G:\ATuanLM\AuditProject\Audit\Program\Core\WebAppCore\Service\ModuleService.cs:line 57
-------------------------------------------
Thời điểm lỗi: 09:03:01 PM
Hàm/Phương thức gọi lỗi: LoadQueryModule
Chi tiết lỗi: System.ArgumentNullException: Value cannot be null. (Parameter 'value')
   at Newtonsoft.Json.Utilities.ValidationUtils.ArgumentNotNull(Object value, String parameterName)
   at Newtonsoft.Json.JsonConvert.DeserializeObject(String value, Type type, JsonSerializerSettings settings)
   at Newtonsoft.Json.JsonConvert.DeserializeObject[T](String value, JsonSerializerSettings settings)
   at Newtonsoft.Json.JsonConvert.DeserializeObject[T](String value)
   at WebAppCoreNew.Service.ModuleService.LoadQueryModule(ParramModuleQuery parram) in G:\ATuanLM\AuditProject\Audit\Program\Core\WebAppCore\Service\ModuleService.cs:line 57
-------------------------------------------
Thời điểm lỗi: 09:13:05 PM
Hàm/Phương thức gọi lỗi: LoadQueryModule
Chi tiết lỗi: System.ArgumentNullException: Value cannot be null. (Parameter 'value')
   at Newtonsoft.Json.Utilities.ValidationUtils.ArgumentNotNull(Object value, String parameterName)
   at Newtonsoft.Json.JsonConvert.DeserializeObject(String value, Type type, JsonSerializerSettings settings)
   at Newtonsoft.Json.JsonConvert.DeserializeObject[T](String value, JsonSerializerSettings settings)
   at Newtonsoft.Json.JsonConvert.DeserializeObject[T](String value)
   at WebAppCoreNew.Service.ModuleService.LoadQueryModule(ParramModuleQuery parram) in G:\ATuanLM\AuditProject\Audit\Program\Core\WebAppCore\Service\ModuleService.cs:line 57
-------------------------------------------
Thời điểm lỗi: 09:16:59 PM
Hàm/Phương thức gọi lỗi: LoadQueryModule
Chi tiết lỗi: System.ArgumentNullException: Value cannot be null. (Parameter 'value')
   at Newtonsoft.Json.Utilities.ValidationUtils.ArgumentNotNull(Object value, String parameterName)
   at Newtonsoft.Json.JsonConvert.DeserializeObject(String value, Type type, JsonSerializerSettings settings)
   at Newtonsoft.Json.JsonConvert.DeserializeObject[T](String value, JsonSerializerSettings settings)
   at Newtonsoft.Json.JsonConvert.DeserializeObject[T](String value)
   at WebAppCoreNew.Service.ModuleService.LoadQueryModule(ParramModuleQuery parram) in G:\ATuanLM\AuditProject\Audit\Program\Core\WebAppCore\Service\ModuleService.cs:line 57
-------------------------------------------
Thời điểm lỗi: 09:21:28 PM
Hàm/Phương thức gọi lỗi: LoadQueryModule
Chi tiết lỗi: System.ArgumentNullException: Value cannot be null. (Parameter 'value')
   at Newtonsoft.Json.Utilities.ValidationUtils.ArgumentNotNull(Object value, String parameterName)
   at Newtonsoft.Json.JsonConvert.DeserializeObject(String value, Type type, JsonSerializerSettings settings)
   at Newtonsoft.Json.JsonConvert.DeserializeObject[T](String value, JsonSerializerSettings settings)
   at Newtonsoft.Json.JsonConvert.DeserializeObject[T](String value)
   at WebAppCoreNew.Service.ModuleService.LoadQueryModule(ParramModuleQuery parram) in G:\ATuanLM\AuditProject\Audit\Program\Core\WebAppCore\Service\ModuleService.cs:line 57
-------------------------------------------
Thời điểm lỗi: 11:08:42 PM
Hàm/Phương thức gọi lỗi: LoadQueryModule
Chi tiết lỗi: System.ArgumentNullException: Value cannot be null. (Parameter 'value')
   at Newtonsoft.Json.Utilities.ValidationUtils.ArgumentNotNull(Object value, String parameterName)
   at Newtonsoft.Json.JsonConvert.DeserializeObject(String value, Type type, JsonSerializerSettings settings)
   at Newtonsoft.Json.JsonConvert.DeserializeObject[T](String value, JsonSerializerSettings settings)
   at Newtonsoft.Json.JsonConvert.DeserializeObject[T](String value)
   at WebAppCoreNew.Service.ModuleService.LoadQueryModule(ParramModuleQuery parram) in G:\ATuanLM\AuditProject\Audit\Program\Core\WebAppCore\Service\ModuleService.cs:line 57
-------------------------------------------
Thời điểm lỗi: 11:08:58 PM
Hàm/Phương thức gọi lỗi: LoadQueryModule
Chi tiết lỗi: System.ArgumentNullException: Value cannot be null. (Parameter 'value')
   at Newtonsoft.Json.Utilities.ValidationUtils.ArgumentNotNull(Object value, String parameterName)
   at Newtonsoft.Json.JsonConvert.DeserializeObject(String value, Type type, JsonSerializerSettings settings)
   at Newtonsoft.Json.JsonConvert.DeserializeObject[T](String value, JsonSerializerSettings settings)
   at Newtonsoft.Json.JsonConvert.DeserializeObject[T](String value)
   at WebAppCoreNew.Service.ModuleService.LoadQueryModule(ParramModuleQuery parram) in G:\ATuanLM\AuditProject\Audit\Program\Core\WebAppCore\Service\ModuleService.cs:line 57
-------------------------------------------
Thời điểm lỗi: 11:09:08 PM
Hàm/Phương thức gọi lỗi: LoadQueryModule
Chi tiết lỗi: System.ArgumentNullException: Value cannot be null. (Parameter 'value')
   at Newtonsoft.Json.Utilities.ValidationUtils.ArgumentNotNull(Object value, String parameterName)
   at Newtonsoft.Json.JsonConvert.DeserializeObject(String value, Type type, JsonSerializerSettings settings)
   at Newtonsoft.Json.JsonConvert.DeserializeObject[T](String value, JsonSerializerSettings settings)
   at Newtonsoft.Json.JsonConvert.DeserializeObject[T](String value)
   at WebAppCoreNew.Service.ModuleService.LoadQueryModule(ParramModuleQuery parram) in G:\ATuanLM\AuditProject\Audit\Program\Core\WebAppCore\Service\ModuleService.cs:line 57
-------------------------------------------
Thời điểm lỗi: 11:09:12 PM
Hàm/Phương thức gọi lỗi: LoadQueryModule
Chi tiết lỗi: System.ArgumentNullException: Value cannot be null. (Parameter 'value')
   at Newtonsoft.Json.JsonConvert.DeserializeObject(String value, Type type, JsonSerializerSettings settings)
   at Newtonsoft.Json.JsonConvert.DeserializeObject[T](String value, JsonSerializerSettings settings)
   at WebAppCoreNew.Service.ModuleService.LoadQueryModule(ParramModuleQuery parram) in G:\ATuanLM\AuditProject\Audit\Program\Core\WebAppCore\Service\ModuleService.cs:line 57
-------------------------------------------
Thời điểm lỗi: 11:10:58 PM
Hàm/Phương thức gọi lỗi: LoadQueryModule
Chi tiết lỗi: System.ArgumentNullException: Value cannot be null. (Parameter 'value')
   at Newtonsoft.Json.JsonConvert.DeserializeObject(String value, Type type, JsonSerializerSettings settings)
   at Newtonsoft.Json.JsonConvert.DeserializeObject[T](String value, JsonSerializerSettings settings)
   at WebAppCoreNew.Service.ModuleService.LoadQueryModule(ParramModuleQuery parram) in G:\ATuanLM\AuditProject\Audit\Program\Core\WebAppCore\Service\ModuleService.cs:line 57
-------------------------------------------
Thời điểm lỗi: 11:31:03 PM
Hàm/Phương thức gọi lỗi: LoadQueryModule
Chi tiết lỗi: System.ArgumentNullException: Value cannot be null. (Parameter 'value')
   at Newtonsoft.Json.Utilities.ValidationUtils.ArgumentNotNull(Object value, String parameterName)
   at Newtonsoft.Json.JsonConvert.DeserializeObject(String value, Type type, JsonSerializerSettings settings)
   at Newtonsoft.Json.JsonConvert.DeserializeObject[T](String value, JsonSerializerSettings settings)
   at Newtonsoft.Json.JsonConvert.DeserializeObject[T](String value)
   at WebAppCoreNew.Service.ModuleService.LoadQueryModule(ParramModuleQuery parram) in G:\ATuanLM\AuditProject\Audit\Program\Core\WebAppCore\Service\ModuleService.cs:line 57
-------------------------------------------
Thời điểm lỗi: 11:31:36 PM
Hàm/Phương thức gọi lỗi: LoadQueryModule
Chi tiết lỗi: System.ArgumentNullException: Value cannot be null. (Parameter 'value')
   at Newtonsoft.Json.Utilities.ValidationUtils.ArgumentNotNull(Object value, String parameterName)
   at Newtonsoft.Json.JsonConvert.DeserializeObject(String value, Type type, JsonSerializerSettings settings)
   at Newtonsoft.Json.JsonConvert.DeserializeObject[T](String value, JsonSerializerSettings settings)
   at Newtonsoft.Json.JsonConvert.DeserializeObject[T](String value)
   at WebAppCoreNew.Service.ModuleService.LoadQueryModule(ParramModuleQuery parram) in G:\ATuanLM\AuditProject\Audit\Program\Core\WebAppCore\Service\ModuleService.cs:line 57
-------------------------------------------
